{"message":"undefined - API Server Start At Port 3000","level":"info","timestamp":"2021-01-27 13:01:19"}
{"message":"isDuplicatedEmail DB Connection error\n: connect ECONNREFUSED 127.0.0.1:3306","level":"error","timestamp":"2021-01-27 13:01:46"}
{"message":"undefined - API Server Start At Port 3000","level":"info","timestamp":"2021-01-27 13:02:54"}
{"message":"undefined - API Server Start At Port 3000","level":"info","timestamp":"2021-01-27 13:05:29"}
{"message":"SignUp Query error\n: {\"message\":\"Field 'updatedAt' doesn't have a default value\",\"code\":\"ER_NO_DEFAULT_FOR_FIELD\",\"errno\":1364,\"sqlState\":\"HY000\",\"sqlMessage\":\"Field 'updatedAt' doesn't have a default value\"}","level":"error","timestamp":"2021-01-27 13:05:37"}
{"message":"SignUp DB Connection error\n: res is not defined","level":"error","timestamp":"2021-01-27 13:05:37"}
{"message":"undefined - API Server Start At Port 3000","level":"info","timestamp":"2021-01-27 13:10:26"}
{"message":"undefined - API Server Start At Port 3000","level":"info","timestamp":"2021-01-27 13:13:32"}
{"message":"undefined - API Server Start At Port 3000","level":"info","timestamp":"2021-01-27 13:29:02"}
{"message":"undefined - API Server Start At Port 3000","level":"info","timestamp":"2021-01-27 13:42:18"}
{"message":"undefined - API Server Start At Port 3000","level":"info","timestamp":"2021-01-27 13:42:37"}
{"message":"SignUp Query error\n: {\"message\":\"Data too long for column 'uPw' at row 1\",\"code\":\"ER_DATA_TOO_LONG\",\"errno\":1406,\"sqlState\":\"22001\",\"sqlMessage\":\"Data too long for column 'uPw' at row 1\"}","level":"error","timestamp":"2021-01-27 13:42:56"}
{"message":"SignUp DB Connection error\n: res is not defined","level":"error","timestamp":"2021-01-27 13:42:56"}
{"message":"undefined - API Server Start At Port 3000","level":"info","timestamp":"2021-01-27 13:46:18"}
{"message":"SignUp Query error\n: {\"message\":\"Data too long for column 'uPw' at row 1\",\"code\":\"ER_DATA_TOO_LONG\",\"errno\":1406,\"sqlState\":\"22001\",\"sqlMessage\":\"Data too long for column 'uPw' at row 1\"}","level":"error","timestamp":"2021-01-27 13:46:23"}
{"message":"SignUp DB Connection error\n: res is not defined","level":"error","timestamp":"2021-01-27 13:46:23"}
{"message":"undefined - API Server Start At Port 3000","level":"info","timestamp":"2021-01-27 13:47:28"}
{"message":"SignUp Query error\n: {\"message\":\"Data too long for column 'uPw' at row 1\",\"code\":\"ER_DATA_TOO_LONG\",\"errno\":1406,\"sqlState\":\"22001\",\"sqlMessage\":\"Data too long for column 'uPw' at row 1\"}","level":"error","timestamp":"2021-01-27 13:47:31"}
{"message":"SignUp DB Connection error\n: res is not defined","level":"error","timestamp":"2021-01-27 13:47:31"}
{"message":"undefined - API Server Start At Port 3000","level":"info","timestamp":"2021-01-27 13:48:05"}
{"message":"undefined - API Server Start At Port 3000","level":"info","timestamp":"2021-01-27 13:55:17"}
{"message":"undefined - API Server Start At Port 3000","level":"info","timestamp":"2021-01-27 13:55:42"}
{"message":"undefined - API Server Start At Port 3000","level":"info","timestamp":"2021-01-27 14:04:46"}
{"message":"undefined - API Server Start At Port 3000","level":"info","timestamp":"2021-01-27 14:07:45"}
{"message":"undefined - API Server Start At Port 3000","level":"info","timestamp":"2021-01-27 14:08:19"}
{"message":"undefined - API Server Start At Port 3000","level":"info","timestamp":"2021-01-27 14:09:22"}
{"message":"undefined - API Server Start At Port 3000","level":"info","timestamp":"2021-01-27 14:16:27"}
{"message":"undefined - API Server Start At Port 3000","level":"info","timestamp":"2021-01-27 14:17:18"}
{"message":"undefined - API Server Start At Port 3000","level":"info","timestamp":"2021-01-27 14:17:41"}
{"message":"undefined - API Server Start At Port 3000","level":"info","timestamp":"2021-01-27 14:17:55"}
{"message":"undefined - API Server Start At Port 3000","level":"info","timestamp":"2021-01-27 14:18:38"}
{"message":"undefined - API Server Start At Port 3000","level":"info","timestamp":"2021-01-27 14:19:42"}
{"message":"undefined - API Server Start At Port 3000","level":"info","timestamp":"2021-01-27 14:23:31"}
{"message":"undefined - API Server Start At Port 3000","level":"info","timestamp":"2021-01-27 14:24:08"}
{"message":"undefined - API Server Start At Port 3000","level":"info","timestamp":"2021-01-27 14:33:10"}
{"message":"undefined - API Server Start At Port 3000","level":"info","timestamp":"2021-01-27 14:33:35"}
{"message":"undefined - API Server Start At Port 3000","level":"info","timestamp":"2021-01-27 14:34:04"}
{"message":"undefined - API Server Start At Port 3000","level":"info","timestamp":"2021-01-27 14:34:18"}
{"message":"undefined - API Server Start At Port 3000","level":"info","timestamp":"2021-01-27 14:34:35"}
{"message":"undefined - API Server Start At Port 3000","level":"info","timestamp":"2021-01-27 15:01:26"}
{"message":"undefined - API Server Start At Port 3000","level":"info","timestamp":"2021-01-27 15:02:28"}
{"message":"undefined - API Server Start At Port 3000","level":"info","timestamp":"2021-01-27 15:02:30"}
{"message":"undefined - API Server Start At Port 3000","level":"info","timestamp":"2021-01-27 15:04:07"}
{"message":"undefined - API Server Start At Port 3000","level":"info","timestamp":"2021-01-27 15:05:34"}
{"message":"undefined - API Server Start At Port 3000","level":"info","timestamp":"2021-01-27 15:06:57"}
{"message":"undefined - API Server Start At Port 3000","level":"info","timestamp":"2021-01-27 16:10:15"}
{"message":"undefined - API Server Start At Port 3000","level":"info","timestamp":"2021-01-27 16:10:51"}
{"message":"undefined - API Server Start At Port 3000","level":"info","timestamp":"2021-01-27 16:25:36"}
{"message":"undefined - API Server Start At Port 3000","level":"info","timestamp":"2021-01-27 16:26:51"}
{"message":"undefined - API Server Start At Port 3000","level":"info","timestamp":"2021-01-27 17:08:59"}
{"message":"App - myInfo Query error\n: {}","level":"error","timestamp":"2021-01-27 17:09:06"}
{"message":"undefined - API Server Start At Port 3000","level":"info","timestamp":"2021-01-27 17:09:49"}
{"message":"undefined - API Server Start At Port 3000","level":"info","timestamp":"2021-01-27 17:10:10"}
{"message":"undefined - API Server Start At Port 3000","level":"info","timestamp":"2021-01-27 17:11:15"}
{"message":"undefined - API Server Start At Port 3000","level":"info","timestamp":"2021-01-27 17:11:33"}
{"message":"undefined - API Server Start At Port 3000","level":"info","timestamp":"2021-01-27 17:11:53"}
{"message":"undefined - API Server Start At Port 3000","level":"info","timestamp":"2021-01-27 17:16:42"}
{"message":"undefined - API Server Start At Port 3000","level":"info","timestamp":"2021-01-27 17:17:42"}
{"message":"undefined - API Server Start At Port 3000","level":"info","timestamp":"2021-01-27 17:18:06"}
{"message":"undefined - API Server Start At Port 3000","level":"info","timestamp":"2021-01-27 17:18:41"}
{"message":"undefined - API Server Start At Port 3000","level":"info","timestamp":"2021-01-27 17:19:20"}
{"message":"undefined - API Server Start At Port 3000","level":"info","timestamp":"2021-01-27 17:20:55"}
{"message":"undefined - API Server Start At Port 3000","level":"info","timestamp":"2021-01-27 18:07:13"}
{"message":"undefined - API Server Start At Port 3000","level":"info","timestamp":"2021-01-27 18:07:54"}
{"message":"App - detailBranch Query error\n: Column 'branchId' in field list is ambiguous","level":"error","timestamp":"2021-01-27 18:07:56"}
{"message":"undefined - API Server Start At Port 3000","level":"info","timestamp":"2021-01-27 18:08:05"}
{"message":"undefined - API Server Start At Port 3000","level":"info","timestamp":"2021-01-27 18:08:49"}
{"message":"undefined - API Server Start At Port 3000","level":"info","timestamp":"2021-01-27 18:09:04"}
{"message":"undefined - API Server Start At Port 3000","level":"info","timestamp":"2021-01-27 18:09:32"}
{"message":"undefined - API Server Start At Port 3000","level":"info","timestamp":"2021-01-27 18:10:33"}
{"message":"undefined - API Server Start At Port 3000","level":"info","timestamp":"2021-01-27 18:12:50"}
{"message":"undefined - API Server Start At Port 3000","level":"info","timestamp":"2021-01-27 18:28:55"}
{"message":"updateArCard Query error\n: {\"message\":\"You have an error in your SQL syntax; check the manual that corresponds to your MySQL server version for the right syntax to use near 'uupdate Arcard set arcardMoney =\\n      case when (arcardMoney - (select useArCar' at line 1\",\"code\":\"ER_PARSE_ERROR\",\"errno\":1064,\"sqlState\":\"42000\",\"sqlMessage\":\"You have an error in your SQL syntax; check the manual that corresponds to your MySQL server version for the right syntax to use near 'uupdate Arcard set arcardMoney =\\n      case when (arcardMoney - (select useArCar' at line 1\"}","level":"error","timestamp":"2021-01-27 18:34:31"}
{"message":"undefined - API Server Start At Port 3000","level":"info","timestamp":"2021-01-27 18:39:00"}
{"message":"undefined - API Server Start At Port 3000","level":"info","timestamp":"2021-01-27 18:39:14"}
{"message":"undefined - API Server Start At Port 3000","level":"info","timestamp":"2021-01-27 19:45:07"}
{"message":"createOrderDetail DB Connection error\n: connect ECONNREFUSED 127.0.0.1:3306","level":"error","timestamp":"2021-01-27 19:45:09"}
{"message":"undefined - API Server Start At Port 3000","level":"info","timestamp":"2021-01-27 19:45:33"}
{"message":"createOrderDetail Query error\n: {}","level":"error","timestamp":"2021-01-27 19:45:36"}
{"message":"createOrderDetail Query error\n: {}","level":"error","timestamp":"2021-01-27 19:46:00"}
{"message":"undefined - API Server Start At Port 3000","level":"info","timestamp":"2021-01-27 19:48:20"}
{"message":"createOrderDetail Query error\n: {}","level":"error","timestamp":"2021-01-27 19:48:21"}
{"message":"undefined - API Server Start At Port 3000","level":"info","timestamp":"2021-01-27 19:55:18"}
{"message":"createOrderDetail Query error\n: {}","level":"error","timestamp":"2021-01-27 19:55:21"}
{"message":"undefined - API Server Start At Port 3000","level":"info","timestamp":"2021-01-27 19:56:27"}
{"message":"createOrderDetail Query error\n: {}","level":"error","timestamp":"2021-01-27 19:56:30"}
{"message":"undefined - API Server Start At Port 3000","level":"info","timestamp":"2021-01-27 19:56:42"}
{"message":"createOrderDetail Query error\n: {}","level":"error","timestamp":"2021-01-27 19:56:43"}
{"message":"undefined - API Server Start At Port 3000","level":"info","timestamp":"2021-01-27 19:59:21"}
{"message":"createOrderDetail Query error\n: {}","level":"error","timestamp":"2021-01-27 19:59:25"}
{"message":"undefined - API Server Start At Port 3000","level":"info","timestamp":"2021-01-27 20:15:30"}
{"message":"createOrderDetail Query error\n: {}","level":"error","timestamp":"2021-01-27 20:15:32"}
{"message":"undefined - API Server Start At Port 3000","level":"info","timestamp":"2021-01-27 20:18:24"}
{"message":"createOrderDetail DB Connection error\n: branchId is not defined","level":"error","timestamp":"2021-01-27 20:18:26"}
{"message":"undefined - API Server Start At Port 3000","level":"info","timestamp":"2021-01-27 20:19:10"}
{"message":"undefined - API Server Start At Port 3000","level":"info","timestamp":"2021-01-27 20:26:39"}
{"message":"createOrderDetail DB Connection error\n: Column 'ordersId' cannot be null","level":"error","timestamp":"2021-01-27 20:26:41"}
{"message":"undefined - API Server Start At Port 3000","level":"info","timestamp":"2021-01-27 20:29:09"}
{"message":"createOrderDetail DB Connection error\n: Column 'ordersId' cannot be null","level":"error","timestamp":"2021-01-27 20:29:10"}
{"message":"undefined - API Server Start At Port 3000","level":"info","timestamp":"2021-01-27 20:33:43"}
{"message":"undefined - API Server Start At Port 3000","level":"info","timestamp":"2021-01-27 20:45:55"}
{"message":"createOrderDetail DB Connection error\n: Column 'ordersId' cannot be null","level":"error","timestamp":"2021-01-27 20:45:56"}
{"message":"undefined - API Server Start At Port 3000","level":"info","timestamp":"2021-01-27 20:46:29"}
{"message":"createOrderDetail DB Connection error\n: Column 'ordersId' cannot be null","level":"error","timestamp":"2021-01-27 20:47:51"}
{"message":"createOrderDetail DB Connection error\n: Column 'ordersId' cannot be null","level":"error","timestamp":"2021-01-27 20:48:09"}
{"message":"undefined - API Server Start At Port 3000","level":"info","timestamp":"2021-01-27 20:54:45"}
