{"message":"undefined - API Server Start At Port 3000","level":"info","timestamp":"2021-02-01 00:26:51"}
{"message":"selectOrderState Query error\n: {\"message\":\"You have an error in your SQL syntax; check the manual that corresponds to your MySQL server version for the right syntax to use near '?\\n      group by Orders.ordersId, branchName, ordersTime1, temperature, kindName' at line 11\",\"code\":\"ER_PARSE_ERROR\",\"errno\":1064,\"sqlState\":\"42000\",\"sqlMessage\":\"You have an error in your SQL syntax; check the manual that corresponds to your MySQL server version for the right syntax to use near '?\\n      group by Orders.ordersId, branchName, ordersTime1, temperature, kindName' at line 11\"}","level":"error","timestamp":"2021-02-01 00:27:01"}
{"message":"undefined - API Server Start At Port 3000","level":"info","timestamp":"2021-02-01 00:27:49"}
{"message":"undefined - API Server Start At Port 3000","level":"info","timestamp":"2021-02-01 00:32:32"}
{"message":"undefined - API Server Start At Port 3000","level":"info","timestamp":"2021-02-01 00:33:31"}
{"message":"undefined - API Server Start At Port 3000","level":"info","timestamp":"2021-02-01 00:34:38"}
{"message":"undefined - API Server Start At Port 3000","level":"info","timestamp":"2021-02-01 00:35:05"}
{"message":"undefined - API Server Start At Port 3000","level":"info","timestamp":"2021-02-01 00:35:19"}
{"message":"undefined - API Server Start At Port 3000","level":"info","timestamp":"2021-02-01 00:40:21"}
{"message":"undefined - API Server Start At Port 3000","level":"info","timestamp":"2021-02-01 00:41:46"}
{"message":"undefined - API Server Start At Port 3000","level":"info","timestamp":"2021-02-01 00:41:54"}
{"message":"undefined - API Server Start At Port 3000","level":"info","timestamp":"2021-02-01 00:42:24"}
{"message":"selectOneOrderState Query error\n: {\"message\":\"Column 'ordersId' in field list is ambiguous\",\"code\":\"ER_NON_UNIQ_ERROR\",\"errno\":1052,\"sqlState\":\"23000\",\"sqlMessage\":\"Column 'ordersId' in field list is ambiguous\"}","level":"error","timestamp":"2021-02-01 00:42:25"}
{"message":"undefined - API Server Start At Port 3000","level":"info","timestamp":"2021-02-01 00:43:31"}
{"message":"undefined - API Server Start At Port 3000","level":"info","timestamp":"2021-02-01 00:43:57"}
{"message":"undefined - API Server Start At Port 3000","level":"info","timestamp":"2021-02-01 00:44:18"}
{"message":"selectOrderState Query error\n: {\"message\":\"Unknown column 'temperature' in 'group statement'\",\"code\":\"ER_BAD_FIELD_ERROR\",\"errno\":1054,\"sqlState\":\"42S22\",\"sqlMessage\":\"Unknown column 'temperature' in 'group statement'\"}","level":"error","timestamp":"2021-02-01 00:44:20"}
{"message":"undefined - API Server Start At Port 3000","level":"info","timestamp":"2021-02-01 00:44:28"}
{"message":"undefined - API Server Start At Port 3000","level":"info","timestamp":"2021-02-01 00:44:48"}
{"message":"selectOrderState Query error\n: {\"message\":\"Expression #4 of SELECT list is not in GROUP BY clause and contains nonaggregated column 'artiseedb.Orders.state' which is not functionally dependent on columns in GROUP BY clause; this is incompatible with sql_mode=only_full_group_by\",\"code\":\"ER_WRONG_FIELD_WITH_GROUP\",\"errno\":1055,\"sqlState\":\"42000\",\"sqlMessage\":\"Expression #4 of SELECT list is not in GROUP BY clause and contains nonaggregated column 'artiseedb.Orders.state' which is not functionally dependent on columns in GROUP BY clause; this is incompatible with sql_mode=only_full_group_by\"}","level":"error","timestamp":"2021-02-01 00:44:50"}
{"message":"undefined - API Server Start At Port 3000","level":"info","timestamp":"2021-02-01 00:45:49"}
{"message":"undefined - API Server Start At Port 3000","level":"info","timestamp":"2021-02-01 00:46:00"}
{"message":"undefined - API Server Start At Port 3000","level":"info","timestamp":"2021-02-01 00:46:28"}
{"message":"undefined - API Server Start At Port 3000","level":"info","timestamp":"2021-02-01 00:46:35"}
{"message":"undefined - API Server Start At Port 3000","level":"info","timestamp":"2021-02-01 00:46:44"}
{"message":"undefined - API Server Start At Port 3000","level":"info","timestamp":"2021-02-01 00:48:33"}
{"message":"undefined - API Server Start At Port 3000","level":"info","timestamp":"2021-02-01 01:35:50"}
{"message":"undefined - API Server Start At Port 3000","level":"info","timestamp":"2021-02-01 01:36:37"}
{"message":"undefined - API Server Start At Port 3000","level":"info","timestamp":"2021-02-01 01:37:02"}
{"message":"undefined - API Server Start At Port 3000","level":"info","timestamp":"2021-02-01 01:37:45"}
{"message":"undefined - API Server Start At Port 3000","level":"info","timestamp":"2021-02-01 01:38:26"}
{"message":"undefined - API Server Start At Port 3000","level":"info","timestamp":"2021-02-01 01:38:33"}
{"message":"undefined - API Server Start At Port 3000","level":"info","timestamp":"2021-02-01 02:08:58"}
{"message":"undefined - API Server Start At Port 3000","level":"info","timestamp":"2021-02-01 02:29:01"}
{"message":"undefined - API Server Start At Port 3000","level":"info","timestamp":"2021-02-01 02:36:56"}
{"message":"undefined - API Server Start At Port 3000","level":"info","timestamp":"2021-02-01 02:37:28"}
{"message":"undefined - API Server Start At Port 3000","level":"info","timestamp":"2021-02-01 02:37:48"}
{"message":"createOrder Query error\n: {\"message\":\"Column 'totalAmt' cannot be null\",\"code\":\"ER_BAD_NULL_ERROR\",\"errno\":1048,\"sqlState\":\"23000\",\"sqlMessage\":\"Column 'totalAmt' cannot be null\"}","level":"error","timestamp":"2021-02-01 02:38:22"}
{"message":"undefined - API Server Start At Port 3000","level":"info","timestamp":"2021-02-01 02:44:56"}
{"message":"OrdersOption Query error\n: {\"message\":\"Duplicate entry '8-2' for key 'ordersoption.PRIMARY'\",\"code\":\"ER_DUP_ENTRY\",\"errno\":1062,\"sqlState\":\"23000\",\"sqlMessage\":\"Duplicate entry '8-2' for key 'ordersoption.PRIMARY'\"}","level":"error","timestamp":"2021-02-01 02:44:57"}
{"message":"undefined - API Server Start At Port 3000","level":"info","timestamp":"2021-02-01 02:45:14"}
{"message":"undefined - API Server Start At Port 3000","level":"info","timestamp":"2021-02-01 02:46:13"}
{"message":"undefined - API Server Start At Port 3000","level":"info","timestamp":"2021-02-01 02:50:24"}
{"message":"undefined - API Server Start At Port 3000","level":"info","timestamp":"2021-02-01 03:00:50"}
{"message":"undefined - API Server Start At Port 3000","level":"info","timestamp":"2021-02-01 03:01:11"}
{"message":"doReservation Query error\n: {\"message\":\"Column 'ordersId' cannot be null\",\"code\":\"ER_BAD_NULL_ERROR\",\"errno\":1048,\"sqlState\":\"23000\",\"sqlMessage\":\"Column 'ordersId' cannot be null\"}","level":"error","timestamp":"2021-02-01 03:01:16"}
{"message":"createOrder Query error\n: {\"message\":\"Column 'totalAmt' cannot be null\",\"code\":\"ER_BAD_NULL_ERROR\",\"errno\":1048,\"sqlState\":\"23000\",\"sqlMessage\":\"Column 'totalAmt' cannot be null\"}","level":"error","timestamp":"2021-02-01 03:01:30"}
{"message":"undefined - API Server Start At Port 3000","level":"info","timestamp":"2021-02-01 03:03:01"}
{"message":"selectOneOrderState Query error\n: {\"message\":\"Unknown column 'ordersTime1' in 'order clause'\",\"code\":\"ER_BAD_FIELD_ERROR\",\"errno\":1054,\"sqlState\":\"42S22\",\"sqlMessage\":\"Unknown column 'ordersTime1' in 'order clause'\"}","level":"error","timestamp":"2021-02-01 03:03:05"}
{"message":"undefined - API Server Start At Port 3000","level":"info","timestamp":"2021-02-01 03:03:23"}
{"message":"undefined - API Server Start At Port 3000","level":"info","timestamp":"2021-02-01 03:38:34"}
{"message":"undefined - API Server Start At Port 3000","level":"info","timestamp":"2021-02-01 03:40:43"}
{"message":"doReservation Query error\n: {\"message\":\"Incorrect date value: '2021-13-12' for column 'reservationDate' at row 2\",\"code\":\"ER_TRUNCATED_WRONG_VALUE\",\"errno\":1292,\"sqlState\":\"22007\",\"sqlMessage\":\"Incorrect date value: '2021-13-12' for column 'reservationDate' at row 2\"}","level":"error","timestamp":"2021-02-01 03:41:10"}
{"message":"undefined - API Server Start At Port 3000","level":"info","timestamp":"2021-02-01 03:51:44"}
{"message":"undefined - API Server Start At Port 3000","level":"info","timestamp":"2021-02-01 03:56:23"}
{"message":"undefined - API Server Start At Port 3000","level":"info","timestamp":"2021-02-01 04:02:49"}
{"message":"undefined - API Server Start At Port 3000","level":"info","timestamp":"2021-02-01 04:04:19"}
{"message":"undefined - API Server Start At Port 3000","level":"info","timestamp":"2021-02-01 04:11:45"}
{"message":"undefined - API Server Start At Port 3000","level":"info","timestamp":"2021-02-01 04:23:41"}
{"message":"undefined - API Server Start At Port 3000","level":"info","timestamp":"2021-02-01 11:36:55"}
{"message":"undefined - API Server Start At Port 3000","level":"info","timestamp":"2021-02-01 11:37:38"}
{"message":"undefined - API Server Start At Port 3000","level":"info","timestamp":"2021-02-01 11:38:35"}
{"message":"undefined - API Server Start At Port 3000","level":"info","timestamp":"2021-02-01 11:39:51"}
{"message":"undefined - API Server Start At Port 3000","level":"info","timestamp":"2021-02-01 11:40:21"}
{"message":"undefined - API Server Start At Port 3000","level":"info","timestamp":"2021-02-01 11:40:55"}
{"message":"undefined - API Server Start At Port 3000","level":"info","timestamp":"2021-02-01 11:41:37"}
{"message":"undefined - API Server Start At Port 3000","level":"info","timestamp":"2021-02-01 11:42:20"}
{"message":"undefined - API Server Start At Port 3000","level":"info","timestamp":"2021-02-01 11:42:41"}
{"message":"undefined - API Server Start At Port 3000","level":"info","timestamp":"2021-02-01 11:44:51"}
{"message":"undefined - API Server Start At Port 3000","level":"info","timestamp":"2021-02-01 11:45:08"}
{"message":"undefined - API Server Start At Port 3000","level":"info","timestamp":"2021-02-01 11:45:14"}
{"message":"undefined - API Server Start At Port 3000","level":"info","timestamp":"2021-02-01 11:59:20"}
{"message":"undefined - API Server Start At Port 3000","level":"info","timestamp":"2021-02-01 12:11:01"}
{"message":"undefined - API Server Start At Port 3000","level":"info","timestamp":"2021-02-01 12:15:06"}
{"message":"undefined - API Server Start At Port 3000","level":"info","timestamp":"2021-02-01 13:58:17"}
{"message":"updateArCardHistory Query error\n: {\"message\":\"Column 'arcardId' cannot be null\",\"code\":\"ER_BAD_NULL_ERROR\",\"errno\":1048,\"sqlState\":\"23000\",\"sqlMessage\":\"Column 'arcardId' cannot be null\"}","level":"error","timestamp":"2021-02-01 13:59:23"}
{"message":"undefined - API Server Start At Port 3000","level":"info","timestamp":"2021-02-01 14:01:51"}
{"message":"undefined - API Server Start At Port 3000","level":"info","timestamp":"2021-02-01 14:03:09"}
{"message":"undefined - API Server Start At Port 3000","level":"info","timestamp":"2021-02-01 14:03:42"}
{"message":"undefined - API Server Start At Port 3000","level":"info","timestamp":"2021-02-01 14:04:11"}
{"message":"createOrder Query error\n: {\"message\":\"Column 'totalAmt' cannot be null\",\"code\":\"ER_BAD_NULL_ERROR\",\"errno\":1048,\"sqlState\":\"23000\",\"sqlMessage\":\"Column 'totalAmt' cannot be null\"}","level":"error","timestamp":"2021-02-01 14:04:19"}
{"message":"undefined - API Server Start At Port 3000","level":"info","timestamp":"2021-02-01 14:04:35"}
{"message":"undefined - API Server Start At Port 3000","level":"info","timestamp":"2021-02-01 14:05:08"}
{"message":"undefined - API Server Start At Port 3000","level":"info","timestamp":"2021-02-01 14:05:34"}
{"message":"undefined - API Server Start At Port 3000","level":"info","timestamp":"2021-02-01 14:06:49"}
{"message":"undefined - API Server Start At Port 3000","level":"info","timestamp":"2021-02-01 14:07:28"}
{"message":"undefined - API Server Start At Port 3000","level":"info","timestamp":"2021-02-01 14:07:48"}
{"message":"undefined - API Server Start At Port 3000","level":"info","timestamp":"2021-02-01 14:08:17"}
{"message":"undefined - API Server Start At Port 3000","level":"info","timestamp":"2021-02-01 14:11:03"}
{"message":"updateArCardHistory Query error\n: {\"message\":\"Column 'arcardId' cannot be null\",\"code\":\"ER_BAD_NULL_ERROR\",\"errno\":1048,\"sqlState\":\"23000\",\"sqlMessage\":\"Column 'arcardId' cannot be null\"}","level":"error","timestamp":"2021-02-01 14:16:02"}
{"message":"undefined - API Server Start At Port 3000","level":"info","timestamp":"2021-02-01 14:17:06"}
{"message":"createOrder Query error\n: {\"message\":\"Column 'totalAmt' cannot be null\",\"code\":\"ER_BAD_NULL_ERROR\",\"errno\":1048,\"sqlState\":\"23000\",\"sqlMessage\":\"Column 'totalAmt' cannot be null\"}","level":"error","timestamp":"2021-02-01 14:17:07"}
{"message":"undefined - API Server Start At Port 3000","level":"info","timestamp":"2021-02-01 14:17:38"}
{"message":"createOrder Query error\n: {\"message\":\"Column 'totalAmt' cannot be null\",\"code\":\"ER_BAD_NULL_ERROR\",\"errno\":1048,\"sqlState\":\"23000\",\"sqlMessage\":\"Column 'totalAmt' cannot be null\"}","level":"error","timestamp":"2021-02-01 14:17:39"}
{"message":"undefined - API Server Start At Port 3000","level":"info","timestamp":"2021-02-01 14:18:44"}
{"message":"createOrder Query error\n: {\"message\":\"Column 'totalAmt' cannot be null\",\"code\":\"ER_BAD_NULL_ERROR\",\"errno\":1048,\"sqlState\":\"23000\",\"sqlMessage\":\"Column 'totalAmt' cannot be null\"}","level":"error","timestamp":"2021-02-01 14:18:59"}
{"message":"undefined - API Server Start At Port 3000","level":"info","timestamp":"2021-02-01 14:19:55"}
{"message":"updateArCardHistory Query error\n: {\"message\":\"Column 'money' cannot be null\",\"code\":\"ER_BAD_NULL_ERROR\",\"errno\":1048,\"sqlState\":\"23000\",\"sqlMessage\":\"Column 'money' cannot be null\"}","level":"error","timestamp":"2021-02-01 14:20:10"}
{"message":"undefined - API Server Start At Port 3000","level":"info","timestamp":"2021-02-01 14:21:33"}
{"message":"undefined - API Server Start At Port 3000","level":"info","timestamp":"2021-02-01 14:25:27"}
{"message":"undefined - API Server Start At Port 3000","level":"info","timestamp":"2021-02-01 14:26:43"}
{"message":"createOrder Query error\n: {\"message\":\"Column 'totalAmt' cannot be null\",\"code\":\"ER_BAD_NULL_ERROR\",\"errno\":1048,\"sqlState\":\"23000\",\"sqlMessage\":\"Column 'totalAmt' cannot be null\"}","level":"error","timestamp":"2021-02-01 14:26:47"}
{"message":"updateArCardHistory Query error\n: {\"message\":\"Column 'money' cannot be null\",\"code\":\"ER_BAD_NULL_ERROR\",\"errno\":1048,\"sqlState\":\"23000\",\"sqlMessage\":\"Column 'money' cannot be null\"}","level":"error","timestamp":"2021-02-01 14:27:00"}
{"message":"undefined - API Server Start At Port 3000","level":"info","timestamp":"2021-02-01 14:28:11"}
{"message":"undefined - API Server Start At Port 3000","level":"info","timestamp":"2021-02-01 14:36:35"}
{"message":"undefined - API Server Start At Port 3000","level":"info","timestamp":"2021-02-01 14:56:01"}
