{"message":"undefined - API Server Start At Port 3000","level":"info","timestamp":"2021-01-30 00:43:15"}
{"message":"undefined - API Server Start At Port 3000","level":"info","timestamp":"2021-01-30 00:43:59"}
{"message":"undefined - API Server Start At Port 3000","level":"info","timestamp":"2021-01-30 00:48:14"}
{"message":"undefined - API Server Start At Port 3000","level":"info","timestamp":"2021-01-30 00:48:30"}
{"message":"undefined - API Server Start At Port 3000","level":"info","timestamp":"2021-01-30 00:50:20"}
{"message":"undefined - API Server Start At Port 3000","level":"info","timestamp":"2021-01-30 00:50:57"}
{"message":"undefined - API Server Start At Port 3000","level":"info","timestamp":"2021-01-30 00:51:20"}
{"message":"undefined - API Server Start At Port 3000","level":"info","timestamp":"2021-01-30 00:51:57"}
{"message":"undefined - API Server Start At Port 3000","level":"info","timestamp":"2021-01-30 00:53:06"}
{"message":"undefined - API Server Start At Port 3000","level":"info","timestamp":"2021-01-30 00:53:52"}
{"message":"undefined - API Server Start At Port 3000","level":"info","timestamp":"2021-01-30 00:54:38"}
{"message":"undefined - API Server Start At Port 3000","level":"info","timestamp":"2021-01-30 00:56:25"}
{"message":"undefined - API Server Start At Port 3000","level":"info","timestamp":"2021-01-30 00:56:54"}
{"message":"undefined - API Server Start At Port 3000","level":"info","timestamp":"2021-01-30 00:57:21"}
{"message":"undefined - API Server Start At Port 3000","level":"info","timestamp":"2021-01-30 00:57:55"}
{"message":"undefined - API Server Start At Port 3000","level":"info","timestamp":"2021-01-30 00:59:34"}
{"message":"undefined - API Server Start At Port 3000","level":"info","timestamp":"2021-01-30 00:59:45"}
{"message":"undefined - API Server Start At Port 3000","level":"info","timestamp":"2021-01-30 01:03:29"}
{"message":"undefined - API Server Start At Port 3000","level":"info","timestamp":"2021-01-30 01:04:36"}
{"message":"undefined - API Server Start At Port 3000","level":"info","timestamp":"2021-01-30 01:05:36"}
{"message":"undefined - API Server Start At Port 3000","level":"info","timestamp":"2021-01-30 01:09:00"}
{"message":"insertArCard Query error\n: {\"message\":\"Column 'uId' cannot be null\",\"code\":\"ER_BAD_NULL_ERROR\",\"errno\":1048,\"sqlState\":\"23000\",\"sqlMessage\":\"Column 'uId' cannot be null\"}","level":"error","timestamp":"2021-01-30 01:09:39"}
{"message":"insertArCard DB Connection error\n: res is not defined","level":"error","timestamp":"2021-01-30 01:09:39"}
{"message":"undefined - API Server Start At Port 3000","level":"info","timestamp":"2021-01-30 01:17:56"}
{"message":"insertArCard Query error\n: {\"message\":\"You have an error in your SQL syntax; check the manual that corresponds to your MySQL server version for the right syntax to use near '' at line 3\",\"code\":\"ER_PARSE_ERROR\",\"errno\":1064,\"sqlState\":\"42000\",\"sqlMessage\":\"You have an error in your SQL syntax; check the manual that corresponds to your MySQL server version for the right syntax to use near '' at line 3\"}","level":"error","timestamp":"2021-01-30 01:18:01"}
{"message":"undefined - API Server Start At Port 3000","level":"info","timestamp":"2021-01-30 01:18:23"}
{"message":"insertArCard Query error\n: {\"message\":\"Column 'pin' cannot be null\",\"code\":\"ER_BAD_NULL_ERROR\",\"errno\":1048,\"sqlState\":\"23000\",\"sqlMessage\":\"Column 'pin' cannot be null\"}","level":"error","timestamp":"2021-01-30 01:18:25"}
{"message":"undefined - API Server Start At Port 3000","level":"info","timestamp":"2021-01-30 01:21:03"}
{"message":"undefined - API Server Start At Port 3000","level":"info","timestamp":"2021-01-30 01:26:53"}
{"message":"undefined - API Server Start At Port 3000","level":"info","timestamp":"2021-01-30 01:28:22"}
{"message":"insertArCard Query error\n: {\"message\":\"Column 'pin' cannot be null\",\"code\":\"ER_BAD_NULL_ERROR\",\"errno\":1048,\"sqlState\":\"23000\",\"sqlMessage\":\"Column 'pin' cannot be null\"}","level":"error","timestamp":"2021-01-30 01:28:27"}
{"message":"insertArCard Query error\n: {\"message\":\"Column 'pin' cannot be null\",\"code\":\"ER_BAD_NULL_ERROR\",\"errno\":1048,\"sqlState\":\"23000\",\"sqlMessage\":\"Column 'pin' cannot be null\"}","level":"error","timestamp":"2021-01-30 01:29:00"}
{"message":"undefined - API Server Start At Port 3000","level":"info","timestamp":"2021-01-30 01:35:23"}
{"message":"insertArCard Query error\n: {\"message\":\"Column 'pin' cannot be null\",\"code\":\"ER_BAD_NULL_ERROR\",\"errno\":1048,\"sqlState\":\"23000\",\"sqlMessage\":\"Column 'pin' cannot be null\"}","level":"error","timestamp":"2021-01-30 01:35:24"}
{"message":"undefined - API Server Start At Port 3000","level":"info","timestamp":"2021-01-30 01:37:24"}
{"message":"undefined - API Server Start At Port 3000","level":"info","timestamp":"2021-01-30 01:41:57"}
{"message":"undefined - API Server Start At Port 3000","level":"info","timestamp":"2021-01-30 01:43:52"}
{"message":"undefined - API Server Start At Port 3000","level":"info","timestamp":"2021-01-30 01:44:38"}
{"message":"undefined - API Server Start At Port 3000","level":"info","timestamp":"2021-01-30 01:44:49"}
{"message":"undefined - API Server Start At Port 3000","level":"info","timestamp":"2021-01-30 01:50:04"}
{"message":"undefined - API Server Start At Port 3000","level":"info","timestamp":"2021-01-30 01:53:27"}
{"message":"undefined - API Server Start At Port 3000","level":"info","timestamp":"2021-01-30 01:54:27"}
{"message":"undefined - API Server Start At Port 3000","level":"info","timestamp":"2021-01-30 01:55:14"}
{"message":"undefined - API Server Start At Port 3000","level":"info","timestamp":"2021-01-30 01:55:48"}
{"message":"undefined - API Server Start At Port 3000","level":"info","timestamp":"2021-01-30 01:56:10"}
{"message":"undefined - API Server Start At Port 3000","level":"info","timestamp":"2021-01-30 01:57:26"}
{"message":"undefined - API Server Start At Port 3000","level":"info","timestamp":"2021-01-30 01:58:07"}
{"message":"undefined - API Server Start At Port 3000","level":"info","timestamp":"2021-01-30 01:58:54"}
{"message":"undefined - API Server Start At Port 3000","level":"info","timestamp":"2021-01-30 01:59:13"}
{"message":"undefined - API Server Start At Port 3000","level":"info","timestamp":"2021-01-30 02:01:17"}
{"message":"undefined - API Server Start At Port 3000","level":"info","timestamp":"2021-01-30 02:03:28"}
{"message":"undefined - API Server Start At Port 3000","level":"info","timestamp":"2021-01-30 02:04:47"}
{"message":"undefined - API Server Start At Port 3000","level":"info","timestamp":"2021-01-30 02:05:29"}
{"message":"undefined - API Server Start At Port 3000","level":"info","timestamp":"2021-01-30 02:06:20"}
{"message":"undefined - API Server Start At Port 3000","level":"info","timestamp":"2021-01-30 02:06:32"}
{"message":"undefined - API Server Start At Port 3000","level":"info","timestamp":"2021-01-30 02:16:39"}
{"message":"undefined - API Server Start At Port 3000","level":"info","timestamp":"2021-01-30 02:17:54"}
{"message":"undefined - API Server Start At Port 3000","level":"info","timestamp":"2021-01-30 02:18:11"}
{"message":"undefined - API Server Start At Port 3000","level":"info","timestamp":"2021-01-30 02:19:43"}
{"message":"undefined - API Server Start At Port 3000","level":"info","timestamp":"2021-01-30 02:20:33"}
{"message":"undefined - API Server Start At Port 3000","level":"info","timestamp":"2021-01-30 02:21:53"}
{"message":"undefined - API Server Start At Port 3000","level":"info","timestamp":"2021-01-30 02:24:46"}
{"message":"undefined - API Server Start At Port 3000","level":"info","timestamp":"2021-01-30 02:25:17"}
{"message":"undefined - API Server Start At Port 3000","level":"info","timestamp":"2021-01-30 02:25:40"}
{"message":"undefined - API Server Start At Port 3000","level":"info","timestamp":"2021-01-30 02:26:30"}
{"message":"undefined - API Server Start At Port 3000","level":"info","timestamp":"2021-01-30 02:26:55"}
{"message":"undefined - API Server Start At Port 3000","level":"info","timestamp":"2021-01-30 02:29:53"}
{"message":"undefined - API Server Start At Port 3000","level":"info","timestamp":"2021-01-30 02:34:52"}
{"message":"undefined - API Server Start At Port 3000","level":"info","timestamp":"2021-01-30 02:35:26"}
{"message":"undefined - API Server Start At Port 3000","level":"info","timestamp":"2021-01-30 02:36:12"}
{"message":"undefined - API Server Start At Port 3000","level":"info","timestamp":"2021-01-30 02:37:17"}
{"message":"undefined - API Server Start At Port 3000","level":"info","timestamp":"2021-01-30 02:37:30"}
{"message":"undefined - API Server Start At Port 3000","level":"info","timestamp":"2021-01-30 02:38:03"}
{"message":"undefined - API Server Start At Port 3000","level":"info","timestamp":"2021-01-30 02:38:52"}
{"message":"undefined - API Server Start At Port 3000","level":"info","timestamp":"2021-01-30 02:39:15"}
{"message":"undefined - API Server Start At Port 3000","level":"info","timestamp":"2021-01-30 02:39:57"}
{"message":"undefined - API Server Start At Port 3000","level":"info","timestamp":"2021-01-30 02:40:18"}
