{"message":"undefined - API Server Start At Port 3000","level":"info","timestamp":"2021-01-23 09:27:07"}
{"message":"addToCartItem Query error\n: {\"message\":\"You have an error in your SQL syntax; check the manual that corresponds to your MySQL server version for the right syntax to use near '?,?,?)' at line 1\",\"code\":\"ER_PARSE_ERROR\",\"errno\":1064,\"sqlState\":\"42000\",\"sqlMessage\":\"You have an error in your SQL syntax; check the manual that corresponds to your MySQL server version for the right syntax to use near '?,?,?)' at line 1\"}","level":"error","timestamp":"2021-01-23 09:43:41"}
{"message":"undefined - API Server Start At Port 3000","level":"info","timestamp":"2021-01-23 09:45:40"}
{"message":"undefined - API Server Start At Port 3000","level":"info","timestamp":"2021-01-23 09:51:01"}
{"message":"addToCartItem Query error\n: {}","level":"error","timestamp":"2021-01-23 09:51:22"}
{"message":"undefined - API Server Start At Port 3000","level":"info","timestamp":"2021-01-23 09:52:07"}
{"message":"addToCartItem Query error\n: {}","level":"error","timestamp":"2021-01-23 09:52:10"}
{"message":"undefined - API Server Start At Port 3000","level":"info","timestamp":"2021-01-23 09:52:18"}
{"message":"addToCartItem Query error\n: {}","level":"error","timestamp":"2021-01-23 09:52:20"}
{"message":"undefined - API Server Start At Port 3000","level":"info","timestamp":"2021-01-23 09:52:59"}
{"message":"addToCartItem Query error\n: {}","level":"error","timestamp":"2021-01-23 09:53:02"}
{"message":"addToCartItem Query error\n: {}","level":"error","timestamp":"2021-01-23 09:53:02"}
{"message":"undefined - API Server Start At Port 3000","level":"info","timestamp":"2021-01-23 10:01:56"}
{"message":"undefined - API Server Start At Port 3000","level":"info","timestamp":"2021-01-23 10:06:51"}
{"message":"undefined - API Server Start At Port 3000","level":"info","timestamp":"2021-01-23 10:31:16"}
{"message":"addToCartItem Query error\n: {\"message\":\"Incorrect integer value: 'hot' for column 'qty' at row 2\",\"code\":\"ER_TRUNCATED_WRONG_VALUE_FOR_FIELD\",\"errno\":1366,\"sqlState\":\"HY000\",\"sqlMessage\":\"Incorrect integer value: 'hot' for column 'qty' at row 2\"}","level":"error","timestamp":"2021-01-23 10:32:14"}
{"message":"undefined - API Server Start At Port 3000","level":"info","timestamp":"2021-01-23 10:33:03"}
{"message":"cartOption Query error\n: {\"message\":\"Incorrect integer value: 'hot' for column 'shotCnt' at row 1\",\"code\":\"ER_TRUNCATED_WRONG_VALUE_FOR_FIELD\",\"errno\":1366,\"sqlState\":\"HY000\",\"sqlMessage\":\"Incorrect integer value: 'hot' for column 'shotCnt' at row 1\"}","level":"error","timestamp":"2021-01-23 10:33:05"}
{"message":"cartOption Query error\n: {\"message\":\"Incorrect integer value: 'hot' for column 'shotCnt' at row 1\",\"code\":\"ER_TRUNCATED_WRONG_VALUE_FOR_FIELD\",\"errno\":1366,\"sqlState\":\"HY000\",\"sqlMessage\":\"Incorrect integer value: 'hot' for column 'shotCnt' at row 1\"}","level":"error","timestamp":"2021-01-23 10:37:00"}
{"message":"undefined - API Server Start At Port 3000","level":"info","timestamp":"2021-01-23 10:37:24"}
{"message":"undefined - API Server Start At Port 3000","level":"info","timestamp":"2021-01-23 10:39:06"}
{"message":"undefined - API Server Start At Port 3000","level":"info","timestamp":"2021-01-23 10:50:41"}
{"message":"undefined - API Server Start At Port 3000","level":"info","timestamp":"2021-01-23 12:16:20"}
{"message":"cartOption Query error\n: {\"message\":\"You have an error in your SQL syntax; check the manual that corresponds to your MySQL server version for the right syntax to use near '?, ?, ?, ?, ?, 500*(cartoption.shotCnt + cartoption.syrupCnt + cartoption.whippi' at line 2\",\"code\":\"ER_PARSE_ERROR\",\"errno\":1064,\"sqlState\":\"42000\",\"sqlMessage\":\"You have an error in your SQL syntax; check the manual that corresponds to your MySQL server version for the right syntax to use near '?, ?, ?, ?, ?, 500*(cartoption.shotCnt + cartoption.syrupCnt + cartoption.whippi' at line 2\"}","level":"error","timestamp":"2021-01-23 12:16:23"}
{"message":"undefined - API Server Start At Port 3000","level":"info","timestamp":"2021-01-23 12:21:30"}
{"message":"cartOptionUpdate Query error\n: {}","level":"error","timestamp":"2021-01-23 12:21:45"}
{"message":"undefined - API Server Start At Port 3000","level":"info","timestamp":"2021-01-23 12:22:34"}
{"message":"cartOptionUpdate Query error\n: {\"message\":\"Subquery returns more than 1 row\",\"code\":\"ER_SUBQUERY_NO_1_ROW\",\"errno\":1242,\"sqlState\":\"21000\",\"sqlMessage\":\"Subquery returns more than 1 row\"}","level":"error","timestamp":"2021-01-23 12:22:37"}
{"message":"undefined - API Server Start At Port 3000","level":"info","timestamp":"2021-01-23 12:23:04"}
{"message":"cartOptionUpdate Query error\n: {\"message\":\"Subquery returns more than 1 row\",\"code\":\"ER_SUBQUERY_NO_1_ROW\",\"errno\":1242,\"sqlState\":\"21000\",\"sqlMessage\":\"Subquery returns more than 1 row\"}","level":"error","timestamp":"2021-01-23 12:23:06"}
{"message":"undefined - API Server Start At Port 3000","level":"info","timestamp":"2021-01-23 12:25:32"}
{"message":"undefined - API Server Start At Port 3000","level":"info","timestamp":"2021-01-23 12:28:41"}
{"message":"cartOptionUpdate Query error\n: {\"message\":\"Unknown column 'cartoption.itemId' in 'where clause'\",\"code\":\"ER_BAD_FIELD_ERROR\",\"errno\":1054,\"sqlState\":\"42S22\",\"sqlMessage\":\"Unknown column 'cartoption.itemId' in 'where clause'\"}","level":"error","timestamp":"2021-01-23 12:28:43"}
{"message":"undefined - API Server Start At Port 3000","level":"info","timestamp":"2021-01-23 12:31:34"}
{"message":"cartOptionUpdate Query error\n: {\"message\":\"You have an error in your SQL syntax; check the manual that corresponds to your MySQL server version for the right syntax to use near '?' at line 3\",\"code\":\"ER_PARSE_ERROR\",\"errno\":1064,\"sqlState\":\"42000\",\"sqlMessage\":\"You have an error in your SQL syntax; check the manual that corresponds to your MySQL server version for the right syntax to use near '?' at line 3\"}","level":"error","timestamp":"2021-01-23 12:31:46"}
{"message":"undefined - API Server Start At Port 3000","level":"info","timestamp":"2021-01-23 12:32:50"}
{"message":"undefined - API Server Start At Port 3000","level":"info","timestamp":"2021-01-23 13:02:55"}
{"message":"undefined - API Server Start At Port 3000","level":"info","timestamp":"2021-01-23 13:04:47"}
{"message":"undefined - API Server Start At Port 3000","level":"info","timestamp":"2021-01-23 13:06:49"}
{"message":"undefined - API Server Start At Port 3000","level":"info","timestamp":"2021-01-23 13:06:51"}
{"message":"undefined - API Server Start At Port 3000","level":"info","timestamp":"2021-01-23 13:07:16"}
{"message":"undefined - API Server Start At Port 3000","level":"info","timestamp":"2021-01-23 13:19:01"}
{"message":"undefined - API Server Start At Port 3000","level":"info","timestamp":"2021-01-23 13:19:33"}
{"message":"undefined - API Server Start At Port 3000","level":"info","timestamp":"2021-01-23 13:23:15"}
{"message":"cartOption Query error\n: {\"message\":\"Duplicate entry '13' for key 'cartoption.PRIMARY'\",\"code\":\"ER_DUP_ENTRY\",\"errno\":1062,\"sqlState\":\"23000\",\"sqlMessage\":\"Duplicate entry '13' for key 'cartoption.PRIMARY'\"}","level":"error","timestamp":"2021-01-23 13:23:42"}
{"message":"createOrder Query error\n: {\"message\":\"Column 'totalAmt' cannot be null\",\"code\":\"ER_BAD_NULL_ERROR\",\"errno\":1048,\"sqlState\":\"23000\",\"sqlMessage\":\"Column 'totalAmt' cannot be null\"}","level":"error","timestamp":"2021-01-23 13:24:20"}
{"message":"createOrder Query error\n: {\"message\":\"Column 'totalAmt' cannot be null\",\"code\":\"ER_BAD_NULL_ERROR\",\"errno\":1048,\"sqlState\":\"23000\",\"sqlMessage\":\"Column 'totalAmt' cannot be null\"}","level":"error","timestamp":"2021-01-23 13:24:25"}
{"message":"undefined - API Server Start At Port 3000","level":"info","timestamp":"2021-01-23 15:13:42"}
{"message":"undefined - API Server Start At Port 3000","level":"info","timestamp":"2021-01-23 15:15:27"}
{"message":"undefined - API Server Start At Port 3000","level":"info","timestamp":"2021-01-23 15:15:36"}
{"message":"undefined - API Server Start At Port 3000","level":"info","timestamp":"2021-01-23 15:18:03"}
{"message":"undefined - API Server Start At Port 3000","level":"info","timestamp":"2021-01-23 15:20:26"}
{"message":"undefined - API Server Start At Port 3000","level":"info","timestamp":"2021-01-23 15:20:29"}
{"message":"undefined - API Server Start At Port 3000","level":"info","timestamp":"2021-01-23 15:21:03"}
{"message":"undefined - API Server Start At Port 3000","level":"info","timestamp":"2021-01-23 15:21:30"}
{"message":"undefined - API Server Start At Port 3000","level":"info","timestamp":"2021-01-23 15:22:07"}
{"message":"undefined - API Server Start At Port 3000","level":"info","timestamp":"2021-01-23 15:22:15"}
{"message":"undefined - API Server Start At Port 3000","level":"info","timestamp":"2021-01-23 15:24:23"}
{"message":"undefined - API Server Start At Port 3000","level":"info","timestamp":"2021-01-23 15:25:51"}
{"message":"undefined - API Server Start At Port 3000","level":"info","timestamp":"2021-01-23 15:26:56"}
{"message":"undefined - API Server Start At Port 3000","level":"info","timestamp":"2021-01-23 15:31:56"}
{"message":"undefined - API Server Start At Port 3000","level":"info","timestamp":"2021-01-23 15:33:23"}
{"message":"undefined - API Server Start At Port 3000","level":"info","timestamp":"2021-01-23 15:36:58"}
{"message":"undefined - API Server Start At Port 3000","level":"info","timestamp":"2021-01-23 15:38:09"}
{"message":"undefined - API Server Start At Port 3000","level":"info","timestamp":"2021-01-23 15:41:09"}
{"message":"undefined - API Server Start At Port 3000","level":"info","timestamp":"2021-01-23 15:46:07"}
{"message":"undefined - API Server Start At Port 3000","level":"info","timestamp":"2021-01-23 15:47:17"}
{"message":"undefined - API Server Start At Port 3000","level":"info","timestamp":"2021-01-23 15:50:51"}
{"message":"undefined - API Server Start At Port 3000","level":"info","timestamp":"2021-01-23 15:51:27"}
{"message":"undefined - API Server Start At Port 3000","level":"info","timestamp":"2021-01-23 15:52:06"}
{"message":"undefined - API Server Start At Port 3000","level":"info","timestamp":"2021-01-23 15:52:46"}
{"message":"undefined - API Server Start At Port 3000","level":"info","timestamp":"2021-01-23 15:53:42"}
{"message":"undefined - API Server Start At Port 3000","level":"info","timestamp":"2021-01-23 15:55:56"}
{"message":"undefined - API Server Start At Port 3000","level":"info","timestamp":"2021-01-23 16:00:36"}
{"message":"undefined - API Server Start At Port 3000","level":"info","timestamp":"2021-01-23 16:01:51"}
{"message":"undefined - API Server Start At Port 3000","level":"info","timestamp":"2021-01-23 16:08:18"}
{"message":"App - selectCategory Query error\n: productDao is not defined","level":"error","timestamp":"2021-01-23 16:08:19"}
{"message":"undefined - API Server Start At Port 3000","level":"info","timestamp":"2021-01-23 16:08:36"}
{"message":"App - selectCategory Query error\n: branchDao.selectCategory is not a function","level":"error","timestamp":"2021-01-23 16:08:37"}
{"message":"undefined - API Server Start At Port 3000","level":"info","timestamp":"2021-01-23 16:08:50"}
{"message":"undefined - API Server Start At Port 3000","level":"info","timestamp":"2021-01-23 16:15:55"}
{"message":"undefined - API Server Start At Port 3000","level":"info","timestamp":"2021-01-23 16:23:38"}
{"message":"undefined - API Server Start At Port 3000","level":"info","timestamp":"2021-01-23 16:24:40"}
{"message":"undefined - API Server Start At Port 3000","level":"info","timestamp":"2021-01-23 16:25:36"}
{"message":"undefined - API Server Start At Port 3000","level":"info","timestamp":"2021-01-23 16:25:51"}
{"message":"undefined - API Server Start At Port 3000","level":"info","timestamp":"2021-01-23 16:27:33"}
{"message":"undefined - API Server Start At Port 3000","level":"info","timestamp":"2021-01-23 16:30:50"}
{"message":"undefined - API Server Start At Port 3000","level":"info","timestamp":"2021-01-23 16:31:26"}
{"message":"undefined - API Server Start At Port 3000","level":"info","timestamp":"2021-01-23 16:31:40"}
{"message":"undefined - API Server Start At Port 3000","level":"info","timestamp":"2021-01-23 16:33:00"}
{"message":"App - selectCategory Query error\n: userId is not defined","level":"error","timestamp":"2021-01-23 16:33:03"}
{"message":"undefined - API Server Start At Port 3000","level":"info","timestamp":"2021-01-23 16:33:13"}
{"message":"undefined - API Server Start At Port 3000","level":"info","timestamp":"2021-01-23 16:33:28"}
{"message":"undefined - API Server Start At Port 3000","level":"info","timestamp":"2021-01-23 16:36:30"}
{"message":"undefined - API Server Start At Port 3000","level":"info","timestamp":"2021-01-23 16:36:52"}
{"message":"undefined - API Server Start At Port 3000","level":"info","timestamp":"2021-01-23 16:38:08"}
{"message":"undefined - API Server Start At Port 3000","level":"info","timestamp":"2021-01-23 16:39:43"}
{"message":"undefined - API Server Start At Port 3000","level":"info","timestamp":"2021-01-23 16:40:40"}
{"message":"undefined - API Server Start At Port 3000","level":"info","timestamp":"2021-01-23 16:41:26"}
{"message":"undefined - API Server Start At Port 3000","level":"info","timestamp":"2021-01-23 16:42:04"}
{"message":"undefined - API Server Start At Port 3000","level":"info","timestamp":"2021-01-23 16:42:32"}
{"message":"undefined - API Server Start At Port 3000","level":"info","timestamp":"2021-01-23 16:44:15"}
{"message":"undefined - API Server Start At Port 3000","level":"info","timestamp":"2021-01-23 16:44:42"}
{"message":"undefined - API Server Start At Port 3000","level":"info","timestamp":"2021-01-23 16:45:04"}
{"message":"undefined - API Server Start At Port 3000","level":"info","timestamp":"2021-01-23 16:45:28"}
{"message":"undefined - API Server Start At Port 3000","level":"info","timestamp":"2021-01-23 16:45:45"}
{"message":"undefined - API Server Start At Port 3000","level":"info","timestamp":"2021-01-23 16:46:25"}
{"message":"undefined - API Server Start At Port 3000","level":"info","timestamp":"2021-01-23 16:49:53"}
{"message":"undefined - API Server Start At Port 3000","level":"info","timestamp":"2021-01-23 16:51:26"}
{"message":"undefined - API Server Start At Port 3000","level":"info","timestamp":"2021-01-23 16:54:42"}
{"message":"undefined - API Server Start At Port 3000","level":"info","timestamp":"2021-01-23 17:22:25"}
{"message":"undefined - API Server Start At Port 3000","level":"info","timestamp":"2021-01-23 17:29:38"}
{"message":"undefined - API Server Start At Port 3000","level":"info","timestamp":"2021-01-23 18:15:54"}
{"message":"App - myInfo Query error\n: {}","level":"error","timestamp":"2021-01-23 18:16:32"}
{"message":"App - myInfo Query error\n: {}","level":"error","timestamp":"2021-01-23 18:16:32"}
{"message":"undefined - API Server Start At Port 3000","level":"info","timestamp":"2021-01-23 18:16:46"}
{"message":"App - myInfo Query error\n: {}","level":"error","timestamp":"2021-01-23 18:16:47"}
{"message":"App - myInfo Query error\n: {}","level":"error","timestamp":"2021-01-23 18:16:47"}
{"message":"undefined - API Server Start At Port 3000","level":"info","timestamp":"2021-01-23 18:17:15"}
{"message":"App - myInfo Query error\n: {}","level":"error","timestamp":"2021-01-23 18:17:16"}
{"message":"undefined - API Server Start At Port 3000","level":"info","timestamp":"2021-01-23 18:18:24"}
{"message":"App - myInfo Query error\n: {}","level":"error","timestamp":"2021-01-23 18:18:50"}
{"message":"undefined - API Server Start At Port 3000","level":"info","timestamp":"2021-01-23 18:20:34"}
{"message":"undefined - API Server Start At Port 3000","level":"info","timestamp":"2021-01-23 18:20:57"}
{"message":"undefined - API Server Start At Port 3000","level":"info","timestamp":"2021-01-23 18:21:21"}
{"message":"undefined - API Server Start At Port 3000","level":"info","timestamp":"2021-01-23 18:22:04"}
{"message":"undefined - API Server Start At Port 3000","level":"info","timestamp":"2021-01-23 18:22:52"}
{"message":"undefined - API Server Start At Port 3000","level":"info","timestamp":"2021-01-23 18:27:46"}
{"message":"App - myInfo Query error\n: {}","level":"error","timestamp":"2021-01-23 18:28:47"}
{"message":"undefined - API Server Start At Port 3000","level":"info","timestamp":"2021-01-23 18:30:18"}
{"message":"App - myInfo Query error\n: {}","level":"error","timestamp":"2021-01-23 18:30:29"}
{"message":"App - myInfo Query error\n: {}","level":"error","timestamp":"2021-01-23 18:30:43"}
{"message":"undefined - API Server Start At Port 3000","level":"info","timestamp":"2021-01-23 18:30:46"}
{"message":"undefined - API Server Start At Port 3000","level":"info","timestamp":"2021-01-23 18:36:37"}
{"message":"App - myInfo Query error\n: {}","level":"error","timestamp":"2021-01-23 18:36:48"}
{"message":"App - myInfo Query error\n: {}","level":"error","timestamp":"2021-01-23 18:36:49"}
{"message":"undefined - API Server Start At Port 3000","level":"info","timestamp":"2021-01-23 18:37:30"}
{"message":"undefined - API Server Start At Port 3000","level":"info","timestamp":"2021-01-23 18:37:59"}
{"message":"App - myInfo Query error\n: {}","level":"error","timestamp":"2021-01-23 18:38:06"}
{"message":"App - myInfo Query error\n: {}","level":"error","timestamp":"2021-01-23 18:38:07"}
{"message":"undefined - API Server Start At Port 3000","level":"info","timestamp":"2021-01-23 18:38:14"}
{"message":"App - myInfo Query error\n: {}","level":"error","timestamp":"2021-01-23 18:38:16"}
{"message":"undefined - API Server Start At Port 3000","level":"info","timestamp":"2021-01-23 19:12:37"}
{"message":"App - myInfo Query error\n: {}","level":"error","timestamp":"2021-01-23 19:12:41"}
{"message":"undefined - API Server Start At Port 3000","level":"info","timestamp":"2021-01-23 19:13:36"}
{"message":"App - myInfo Query error\n: {}","level":"error","timestamp":"2021-01-23 19:13:38"}
{"message":"undefined - API Server Start At Port 3000","level":"info","timestamp":"2021-01-23 19:16:12"}
{"message":"App - myInfo Query error\n: {}","level":"error","timestamp":"2021-01-23 19:16:16"}
{"message":"undefined - API Server Start At Port 3000","level":"info","timestamp":"2021-01-23 19:19:06"}
{"message":"App - myInfo Query error\n: {}","level":"error","timestamp":"2021-01-23 19:19:08"}
{"message":"undefined - API Server Start At Port 3000","level":"info","timestamp":"2021-01-23 19:20:01"}
{"message":"undefined - API Server Start At Port 3000","level":"info","timestamp":"2021-01-23 19:20:23"}
{"message":"App - myInfo Query error\n: {}","level":"error","timestamp":"2021-01-23 19:20:24"}
{"message":"undefined - API Server Start At Port 3000","level":"info","timestamp":"2021-01-23 19:21:11"}
{"message":"undefined - API Server Start At Port 3000","level":"info","timestamp":"2021-01-23 19:21:37"}
{"message":"undefined - API Server Start At Port 3000","level":"info","timestamp":"2021-01-23 19:22:17"}
{"message":"undefined - API Server Start At Port 3000","level":"info","timestamp":"2021-01-23 19:26:52"}
{"message":"undefined - API Server Start At Port 3000","level":"info","timestamp":"2021-01-23 19:29:04"}
{"message":"undefined - API Server Start At Port 3000","level":"info","timestamp":"2021-01-23 19:30:06"}
{"message":"App - myInfo Query error\n: {}","level":"error","timestamp":"2021-01-23 19:30:07"}
{"message":"undefined - API Server Start At Port 3000","level":"info","timestamp":"2021-01-23 19:30:27"}
{"message":"undefined - API Server Start At Port 3000","level":"info","timestamp":"2021-01-23 19:30:38"}
{"message":"undefined - API Server Start At Port 3000","level":"info","timestamp":"2021-01-23 19:32:21"}
{"message":"undefined - API Server Start At Port 3000","level":"info","timestamp":"2021-01-23 19:44:02"}
{"message":"undefined - API Server Start At Port 3000","level":"info","timestamp":"2021-01-23 19:44:20"}
{"message":"undefined - API Server Start At Port 3000","level":"info","timestamp":"2021-01-23 20:13:22"}
{"message":"undefined - API Server Start At Port 3000","level":"info","timestamp":"2021-01-23 20:18:29"}
{"message":"undefined - API Server Start At Port 3000","level":"info","timestamp":"2021-01-23 20:20:39"}
{"message":"undefined - API Server Start At Port 3000","level":"info","timestamp":"2021-01-23 20:22:34"}
{"message":"undefined - API Server Start At Port 3000","level":"info","timestamp":"2021-01-23 20:23:29"}
{"message":"undefined - API Server Start At Port 3000","level":"info","timestamp":"2021-01-23 20:24:10"}
{"message":"undefined - API Server Start At Port 3000","level":"info","timestamp":"2021-01-23 20:24:18"}
{"message":"undefined - API Server Start At Port 3000","level":"info","timestamp":"2021-01-23 20:24:54"}
{"message":"undefined - API Server Start At Port 3000","level":"info","timestamp":"2021-01-23 20:25:07"}
{"message":"undefined - API Server Start At Port 3000","level":"info","timestamp":"2021-01-23 20:34:59"}
{"message":"undefined - API Server Start At Port 3000","level":"info","timestamp":"2021-01-23 20:35:45"}
{"message":"undefined - API Server Start At Port 3000","level":"info","timestamp":"2021-01-23 20:36:20"}
{"message":"undefined - API Server Start At Port 3000","level":"info","timestamp":"2021-01-23 20:37:15"}
{"message":"App - changePassword Query error\n: {}","level":"error","timestamp":"2021-01-23 20:37:16"}
{"message":"undefined - API Server Start At Port 3000","level":"info","timestamp":"2021-01-23 20:37:33"}
{"message":"App - changePassword Query error\n: {}","level":"error","timestamp":"2021-01-23 20:37:34"}
{"message":"undefined - API Server Start At Port 3000","level":"info","timestamp":"2021-01-23 20:38:17"}
{"message":"App - changePassword Query error\n: {}","level":"error","timestamp":"2021-01-23 20:38:19"}
{"message":"undefined - API Server Start At Port 3000","level":"info","timestamp":"2021-01-23 20:39:15"}
{"message":"App - changePassword Query error\n: {}","level":"error","timestamp":"2021-01-23 20:39:17"}
{"message":"undefined - API Server Start At Port 3000","level":"info","timestamp":"2021-01-23 20:41:59"}
{"message":"App - changePassword Query error\n: {}","level":"error","timestamp":"2021-01-23 20:42:01"}
{"message":"undefined - API Server Start At Port 3000","level":"info","timestamp":"2021-01-23 20:45:11"}
{"message":"App - changePassword Query error\n: {}","level":"error","timestamp":"2021-01-23 20:45:13"}
{"message":"App - changePassword Query error\n: {}","level":"error","timestamp":"2021-01-23 20:45:36"}
{"message":"undefined - API Server Start At Port 3000","level":"info","timestamp":"2021-01-23 20:46:15"}
{"message":"undefined - API Server Start At Port 3000","level":"info","timestamp":"2021-01-23 20:46:25"}
{"message":"undefined - API Server Start At Port 3000","level":"info","timestamp":"2021-01-23 20:50:23"}
{"message":"undefined - API Server Start At Port 3000","level":"info","timestamp":"2021-01-23 20:51:11"}
{"message":"undefined - API Server Start At Port 3000","level":"info","timestamp":"2021-01-23 20:51:54"}
{"message":"App - userBranch Query error\n: userBranchRows is not defined","level":"error","timestamp":"2021-01-23 20:54:45"}
{"message":"undefined - API Server Start At Port 3000","level":"info","timestamp":"2021-01-23 20:55:21"}
{"message":"App - userBranch Query error\n: categoryRows is not defined","level":"error","timestamp":"2021-01-23 20:55:22"}
{"message":"undefined - API Server Start At Port 3000","level":"info","timestamp":"2021-01-23 20:55:37"}
{"message":"undefined - API Server Start At Port 3000","level":"info","timestamp":"2021-01-23 20:55:48"}
{"message":"App - changePassword Query error\n: {}","level":"error","timestamp":"2021-01-23 20:56:50"}
{"message":"undefined - API Server Start At Port 3000","level":"info","timestamp":"2021-01-23 20:58:06"}
{"message":"App - changePassword Query error\n: {}","level":"error","timestamp":"2021-01-23 20:58:08"}
{"message":"undefined - API Server Start At Port 3000","level":"info","timestamp":"2021-01-23 20:59:15"}
{"message":"App - changePassword Query error\n: {}","level":"error","timestamp":"2021-01-23 20:59:18"}
{"message":"App - changePassword Query error\n: {}","level":"error","timestamp":"2021-01-23 20:59:21"}
{"message":"undefined - API Server Start At Port 3000","level":"info","timestamp":"2021-01-23 21:00:38"}
{"message":"App - changePassword Query error\n: {}","level":"error","timestamp":"2021-01-23 21:00:42"}
{"message":"undefined - API Server Start At Port 3000","level":"info","timestamp":"2021-01-23 21:03:22"}
{"message":"undefined - API Server Start At Port 3000","level":"info","timestamp":"2021-01-23 21:06:43"}
{"message":"undefined - API Server Start At Port 3000","level":"info","timestamp":"2021-01-23 21:12:52"}
{"message":"undefined - API Server Start At Port 3000","level":"info","timestamp":"2021-01-23 21:16:52"}
{"message":"undefined - API Server Start At Port 3000","level":"info","timestamp":"2021-01-23 21:18:07"}
{"message":"undefined - API Server Start At Port 3000","level":"info","timestamp":"2021-01-23 21:18:17"}
{"message":"undefined - API Server Start At Port 3000","level":"info","timestamp":"2021-01-23 21:19:45"}
{"message":"undefined - API Server Start At Port 3000","level":"info","timestamp":"2021-01-23 21:19:48"}
{"message":"undefined - API Server Start At Port 3000","level":"info","timestamp":"2021-01-23 21:20:00"}
{"message":"undefined - API Server Start At Port 3000","level":"info","timestamp":"2021-01-23 21:23:32"}
{"message":"undefined - API Server Start At Port 3000","level":"info","timestamp":"2021-01-23 21:25:56"}
{"message":"undefined - API Server Start At Port 3000","level":"info","timestamp":"2021-01-23 21:47:20"}
{"message":"undefined - API Server Start At Port 3000","level":"info","timestamp":"2021-01-23 21:47:34"}
{"message":"undefined - API Server Start At Port 3000","level":"info","timestamp":"2021-01-23 21:48:33"}
{"message":"undefined - API Server Start At Port 3000","level":"info","timestamp":"2021-01-23 21:50:54"}
{"message":"undefined - API Server Start At Port 3000","level":"info","timestamp":"2021-01-23 22:01:09"}
{"message":"undefined - API Server Start At Port 3000","level":"info","timestamp":"2021-01-23 22:25:41"}
{"message":"undefined - API Server Start At Port 3000","level":"info","timestamp":"2021-01-23 22:27:18"}
{"message":"undefined - API Server Start At Port 3000","level":"info","timestamp":"2021-01-23 22:28:47"}
{"message":"undefined - API Server Start At Port 3000","level":"info","timestamp":"2021-01-23 22:29:36"}
{"message":"undefined - API Server Start At Port 3000","level":"info","timestamp":"2021-01-23 22:30:42"}
{"message":"undefined - API Server Start At Port 3000","level":"info","timestamp":"2021-01-23 22:31:56"}
{"message":"undefined - API Server Start At Port 3000","level":"info","timestamp":"2021-01-23 22:33:02"}
{"message":"undefined - API Server Start At Port 3000","level":"info","timestamp":"2021-01-23 22:33:21"}
{"message":"undefined - API Server Start At Port 3000","level":"info","timestamp":"2021-01-23 22:34:59"}
{"message":"App - changePhoneNum Query error\n: {\"message\":\"Unknown column 'phoneNum' in 'field list'\",\"code\":\"ER_BAD_FIELD_ERROR\",\"errno\":1054,\"sqlState\":\"42S22\",\"sqlMessage\":\"Unknown column 'phoneNum' in 'field list'\"}","level":"error","timestamp":"2021-01-23 22:35:01"}
{"message":"undefined - API Server Start At Port 3000","level":"info","timestamp":"2021-01-23 22:35:47"}
{"message":"undefined - API Server Start At Port 3000","level":"info","timestamp":"2021-01-23 22:36:08"}
{"message":"undefined - API Server Start At Port 3000","level":"info","timestamp":"2021-01-23 22:39:26"}
{"message":"undefined - API Server Start At Port 3000","level":"info","timestamp":"2021-01-23 22:39:56"}
{"message":"undefined - API Server Start At Port 3000","level":"info","timestamp":"2021-01-23 22:41:53"}
{"message":"undefined - API Server Start At Port 3000","level":"info","timestamp":"2021-01-23 22:43:06"}
{"message":"undefined - API Server Start At Port 3000","level":"info","timestamp":"2021-01-23 23:01:00"}
{"message":"undefined - API Server Start At Port 3000","level":"info","timestamp":"2021-01-23 23:03:00"}
{"message":"undefined - API Server Start At Port 3000","level":"info","timestamp":"2021-01-23 23:25:32"}
{"message":"undefined - API Server Start At Port 3000","level":"info","timestamp":"2021-01-23 23:26:03"}
{"message":"undefined - API Server Start At Port 3000","level":"info","timestamp":"2021-01-23 23:29:50"}
